warning: [options] system modules path not set in conjunction with -source 11
1 warning
java.lang.AssertionError
	at jdk.compiler/com.sun.tools.javac.util.Assert.error(Assert.java:155)
	at jdk.compiler/com.sun.tools.javac.util.Assert.check(Assert.java:46)
	at jdk.compiler/com.sun.tools.javac.jvm.Items$LocalItem.<init>(Items.java:392)
	at jdk.compiler/com.sun.tools.javac.jvm.Items.makeLocalItem(Items.java:133)
	at jdk.compiler/com.sun.tools.javac.jvm.Gen.visitIdent(Gen.java:2329)
	at jdk.compiler/com.sun.tools.javac.tree.JCTree$JCIdent.accept(JCTree.java:2715)
	at jdk.compiler/com.sun.tools.javac.jvm.Gen.genExpr(Gen.java:886)
	at jdk.compiler/com.sun.tools.javac.jvm.Gen.completeBinop(Gen.java:2263)
	at jdk.compiler/com.sun.tools.javac.jvm.Gen.visitBinary(Gen.java:2231)
	at jdk.compiler/com.sun.tools.javac.tree.JCTree$JCBinary.accept(JCTree.java:2175)
	at jdk.compiler/com.sun.tools.javac.jvm.Gen.genExpr(Gen.java:886)
	at jdk.compiler/com.sun.tools.javac.jvm.Gen.genCond(Gen.java:788)
	at jdk.compiler/com.sun.tools.javac.jvm.Gen.genCond(Gen.java:701)
	at jdk.compiler/com.sun.tools.javac.jvm.Gen.visitBinary(Gen.java:2202)
	at jdk.compiler/com.sun.tools.javac.tree.JCTree$JCBinary.accept(JCTree.java:2175)
	at jdk.compiler/com.sun.tools.javac.jvm.Gen.genExpr(Gen.java:886)
	at jdk.compiler/com.sun.tools.javac.jvm.Gen.visitVarDef(Gen.java:1090)
	at jdk.compiler/com.sun.tools.javac.tree.JCTree$JCVariableDecl.accept(JCTree.java:1022)
	at jdk.compiler/org.jmlspecs.openjml.JmlTree$JmlVariableDecl.accept(JmlTree.java:1582)
	at jdk.compiler/org.jmlspecs.openjml.JmlTree$JmlLabeledStatement.accept(JmlTree.java:2199)
	at jdk.compiler/com.sun.tools.javac.jvm.Gen.genDef(Gen.java:615)
	at jdk.compiler/com.sun.tools.javac.jvm.Gen.genStat(Gen.java:650)
	at jdk.compiler/com.sun.tools.javac.jvm.Gen.genStat(Gen.java:636)
	at jdk.compiler/com.sun.tools.javac.jvm.Gen.genStats(Gen.java:687)
	at jdk.compiler/com.sun.tools.javac.jvm.Gen.doVisitBlock(Gen.java:1129)
	at jdk.compiler/com.sun.tools.javac.jvm.Gen.visitBlock(Gen.java:1122)
	at jdk.compiler/com.sun.tools.javac.tree.JCTree$JCBlock.accept(JCTree.java:1092)
	at jdk.compiler/org.jmlspecs.openjml.JmlTree$JmlBlock.accept(JmlTree.java:1504)
	at jdk.compiler/com.sun.tools.javac.jvm.Gen.genDef(Gen.java:615)
	at jdk.compiler/com.sun.tools.javac.jvm.Gen.genStat(Gen.java:650)
	at jdk.compiler/com.sun.tools.javac.jvm.Gen.genMethod(Gen.java:976)
	at jdk.compiler/com.sun.tools.javac.jvm.Gen.visitMethodDef(Gen.java:939)
	at jdk.compiler/com.sun.tools.javac.tree.JCTree$JCMethodDecl.accept(JCTree.java:916)
	at jdk.compiler/org.jmlspecs.openjml.JmlTree$JmlMethodDecl.accept(JmlTree.java:1435)
	at jdk.compiler/com.sun.tools.javac.jvm.Gen.genDef(Gen.java:615)
	at jdk.compiler/com.sun.tools.javac.jvm.Gen.genClass(Gen.java:2473)
	at jdk.compiler/com.sun.tools.javac.main.JavaCompiler.genCode(JavaCompiler.java:773)
	at jdk.compiler/com.sun.tools.javac.main.JavaCompiler.generate(JavaCompiler.java:1724)
	at jdk.compiler/com.sun.tools.javac.main.JavaCompiler.generate(JavaCompiler.java:1692)
	at jdk.compiler/com.sun.tools.javac.main.JavaCompiler.compile(JavaCompiler.java:971)
	at jdk.compiler/com.sun.tools.javac.main.JmlCompiler.compile(JmlCompiler.java:205)
	at jdk.compiler/com.sun.tools.javac.main.Main.compile(Main.java:337)
	at jdk.compiler/org.jmlspecs.openjml.Main.compile(Main.java:464)
	at jdk.compiler/org.jmlspecs.openjml.Main.execute(Main.java:292)
	at jdk.compiler/org.jmlspecs.openjml.Main.execute(Main.java:249)
	at jdk.compiler/org.jmlspecs.openjml.Main.main(Main.java:214)
	at jdk.compiler/com.sun.tools.javac.Main.main(Main.java:53)
Internal JML bug - please report.  Build21.0.24
java.lang.AssertionError
	at jdk.compiler/com.sun.tools.javac.util.Assert.error(Assert.java:155)
	at jdk.compiler/com.sun.tools.javac.util.Assert.check(Assert.java:46)
	at jdk.compiler/com.sun.tools.javac.jvm.Items$LocalItem.<init>(Items.java:392)
	at jdk.compiler/com.sun.tools.javac.jvm.Items.makeLocalItem(Items.java:133)
	at jdk.compiler/com.sun.tools.javac.jvm.Gen.visitIdent(Gen.java:2329)
	at jdk.compiler/com.sun.tools.javac.tree.JCTree$JCIdent.accept(JCTree.java:2715)
	at jdk.compiler/com.sun.tools.javac.jvm.Gen.genExpr(Gen.java:886)
	at jdk.compiler/com.sun.tools.javac.jvm.Gen.completeBinop(Gen.java:2263)
	at jdk.compiler/com.sun.tools.javac.jvm.Gen.visitBinary(Gen.java:2231)
	at jdk.compiler/com.sun.tools.javac.tree.JCTree$JCBinary.accept(JCTree.java:2175)
	at jdk.compiler/com.sun.tools.javac.jvm.Gen.genExpr(Gen.java:886)
	at jdk.compiler/com.sun.tools.javac.jvm.Gen.genCond(Gen.java:788)
	at jdk.compiler/com.sun.tools.javac.jvm.Gen.genCond(Gen.java:701)
	at jdk.compiler/com.sun.tools.javac.jvm.Gen.visitBinary(Gen.java:2202)
	at jdk.compiler/com.sun.tools.javac.tree.JCTree$JCBinary.accept(JCTree.java:2175)
	at jdk.compiler/com.sun.tools.javac.jvm.Gen.genExpr(Gen.java:886)
	at jdk.compiler/com.sun.tools.javac.jvm.Gen.visitVarDef(Gen.java:1090)
	at jdk.compiler/com.sun.tools.javac.tree.JCTree$JCVariableDecl.accept(JCTree.java:1022)
	at jdk.compiler/org.jmlspecs.openjml.JmlTree$JmlVariableDecl.accept(JmlTree.java:1582)
	at jdk.compiler/org.jmlspecs.openjml.JmlTree$JmlLabeledStatement.accept(JmlTree.java:2199)
	at jdk.compiler/com.sun.tools.javac.jvm.Gen.genDef(Gen.java:615)
	at jdk.compiler/com.sun.tools.javac.jvm.Gen.genStat(Gen.java:650)
	at jdk.compiler/com.sun.tools.javac.jvm.Gen.genStat(Gen.java:636)
	at jdk.compiler/com.sun.tools.javac.jvm.Gen.genStats(Gen.java:687)
	at jdk.compiler/com.sun.tools.javac.jvm.Gen.doVisitBlock(Gen.java:1129)
	at jdk.compiler/com.sun.tools.javac.jvm.Gen.visitBlock(Gen.java:1122)
	at jdk.compiler/com.sun.tools.javac.tree.JCTree$JCBlock.accept(JCTree.java:1092)
	at jdk.compiler/org.jmlspecs.openjml.JmlTree$JmlBlock.accept(JmlTree.java:1504)
	at jdk.compiler/com.sun.tools.javac.jvm.Gen.genDef(Gen.java:615)
	at jdk.compiler/com.sun.tools.javac.jvm.Gen.genStat(Gen.java:650)
	at jdk.compiler/com.sun.tools.javac.jvm.Gen.genMethod(Gen.java:976)
	at jdk.compiler/com.sun.tools.javac.jvm.Gen.visitMethodDef(Gen.java:939)
	at jdk.compiler/com.sun.tools.javac.tree.JCTree$JCMethodDecl.accept(JCTree.java:916)
	at jdk.compiler/org.jmlspecs.openjml.JmlTree$JmlMethodDecl.accept(JmlTree.java:1435)
	at jdk.compiler/com.sun.tools.javac.jvm.Gen.genDef(Gen.java:615)
	at jdk.compiler/com.sun.tools.javac.jvm.Gen.genClass(Gen.java:2473)
	at jdk.compiler/com.sun.tools.javac.main.JavaCompiler.genCode(JavaCompiler.java:773)
	at jdk.compiler/com.sun.tools.javac.main.JavaCompiler.generate(JavaCompiler.java:1724)
	at jdk.compiler/com.sun.tools.javac.main.JavaCompiler.generate(JavaCompiler.java:1692)
	at jdk.compiler/com.sun.tools.javac.main.JavaCompiler.compile(JavaCompiler.java:971)
	at jdk.compiler/com.sun.tools.javac.main.JmlCompiler.compile(JmlCompiler.java:205)
	at jdk.compiler/com.sun.tools.javac.main.Main.compile(Main.java:337)
	at jdk.compiler/org.jmlspecs.openjml.Main.compile(Main.java:464)
	at jdk.compiler/org.jmlspecs.openjml.Main.execute(Main.java:292)
	at jdk.compiler/org.jmlspecs.openjml.Main.execute(Main.java:249)
	at jdk.compiler/org.jmlspecs.openjml.Main.main(Main.java:214)
	at jdk.compiler/com.sun.tools.javac.Main.main(Main.java:53)
error: A catastrophic JML internal error occurred.  Please report the bug with as much information as you can.
  Reason: Unexpected Throwable error caught. Use STACK= to see the stack trace
